[21嬝堎2025 23:46:40.841] [main/INFO] [cpw.mods.modlauncher.Launcher/MODLAUNCHER]: ModLauncher running: args [--username, Ichinosetsubasa, --version, CMYK Genesis of Farrier, --gameDir, B:\CMYK\powered\.minecraft\versions\CMYK Genesis of Farrier, --assetsDir, B:\CMYK\powered\.minecraft\assets, --assetIndex, 5, --uuid, 41d50f43af8a48e4ba453f843b139d78, --accessToken, ????????, --clientId, ${clientid}, --xuid, ${auth_xuid}, --userType, msa, --versionType, CMYK Version: 8015, --width, 1920, --height, 1080, --launchTarget, forgeclient, --fml.forgeVersion, 47.4.6, --fml.mcVersion, 1.20.1, --fml.forgeGroup, net.minecraftforge, --fml.mcpVersion, 20230612.114412]
[21嬝堎2025 23:46:40.845] [main/INFO] [cpw.mods.modlauncher.Launcher/MODLAUNCHER]: ModLauncher 10.0.9+10.0.9+main.dcd20f30 starting: java version 21.0.8 by Eclipse Adoptium; OS Windows 11 arch amd64 version 10.0
[21嬝堎2025 23:46:41.688] [main/INFO] [net.minecraftforge.fml.loading.ImmediateWindowHandler/]: Loading ImmediateWindowProvider fmlearlywindow
[21嬝堎2025 23:46:41.772] [main/INFO] [EARLYDISPLAY/]: Trying GL version 4.6
[21嬝堎2025 23:46:41.945] [main/INFO] [EARLYDISPLAY/]: Requested GL version 4.6 got version 4.6
[21嬝堎2025 23:46:41.983] [main/INFO] [mixin-transmog/]: Mixin Transmogrifier is definitely up to no good...
[21嬝堎2025 23:46:41.998] [main/INFO] [mixin-transmog/]: crimes against java were committed
[21嬝堎2025 23:46:42.013] [main/INFO] [mixin-transmog/]: Original mixin transformation service successfully crobbed by mixin-transmogrifier!
[21嬝堎2025 23:46:42.070] [main/INFO] [mixin/]: SpongePowered MIXIN Subsystem Version=0.8.5 Source=union:/B:/CMYK/powered/.minecraft/versions/CMYK%20Genesis%20of%20Farrier/mods/Connector-1.0.0-beta.46+1.20.1.jar%23323%23326!/ Service=ModLauncher Env=CLIENT
[21嬝堎2025 23:46:42.168] [pool-2-thread-1/INFO] [EARLYDISPLAY/]: GL info: AMD Radeon RX 7900 XTX GL version 4.6.0 Core Profile Context 25.9.1.250822, ATI Technologies Inc.
[21嬝堎2025 23:46:42.494] [main/WARN] [net.minecraftforge.fml.loading.moddiscovery.ModFileParser/LOADING]: Mod file B:\CMYK\powered\.minecraft\libraries\net\minecraftforge\fmlcore\1.20.1-47.4.6\fmlcore-1.20.1-47.4.6.jar is missing mods.toml file
[21嬝堎2025 23:46:42.496] [main/WARN] [net.minecraftforge.fml.loading.moddiscovery.ModFileParser/LOADING]: Mod file B:\CMYK\powered\.minecraft\libraries\net\minecraftforge\javafmllanguage\1.20.1-47.4.6\javafmllanguage-1.20.1-47.4.6.jar is missing mods.toml file
[21嬝堎2025 23:46:42.496] [main/WARN] [net.minecraftforge.fml.loading.moddiscovery.ModFileParser/LOADING]: Mod file B:\CMYK\powered\.minecraft\libraries\net\minecraftforge\lowcodelanguage\1.20.1-47.4.6\lowcodelanguage-1.20.1-47.4.6.jar is missing mods.toml file
[21嬝堎2025 23:46:42.498] [main/WARN] [net.minecraftforge.fml.loading.moddiscovery.ModFileParser/LOADING]: Mod file B:\CMYK\powered\.minecraft\libraries\net\minecraftforge\mclanguage\1.20.1-47.4.6\mclanguage-1.20.1-47.4.6.jar is missing mods.toml file
[21嬝堎2025 23:46:42.861] [main/WARN] [net.minecraftforge.jarjar.selection.JarSelector/]: Attempted to select two dependency jars from JarJar which have the same identification: Mod File:  and Mod File: . Using Mod File: 
[21嬝堎2025 23:46:42.862] [main/WARN] [net.minecraftforge.jarjar.selection.JarSelector/]: Attempted to select a dependency jar for JarJar which was passed in as source: architectury. Using Mod File: B:\CMYK\powered\.minecraft\versions\CMYK Genesis of Farrier\mods\architectury-9.2.14-forge.jar
[21嬝堎2025 23:46:42.862] [main/WARN] [net.minecraftforge.jarjar.selection.JarSelector/]: Attempted to select a dependency jar for JarJar which was passed in as source: yet_another_config_lib_v3. Using Mod File: B:\CMYK\powered\.minecraft\versions\CMYK Genesis of Farrier\mods\yet_another_config_lib_v3-3.6.6+1.20.1-forge.jar
[21嬝堎2025 23:46:42.862] [main/INFO] [net.minecraftforge.fml.loading.moddiscovery.JarInJarDependencyLocator/]: Found 78 dependencies adding them to mods collection
[21嬝堎2025 23:46:43.368] [main/INFO] [org.sinytra.connector.locator.DependencyResolver/]: Dependency resolution found 19 candidates to load
[21嬝堎2025 23:46:44.179] [main/INFO] [org.sinytra.connector.service.hacks.ModuleLayerMigrator/]: Successfully made module authlib transformable
[21嬝堎2025 23:46:45.909] [main/INFO] [mixin/]: Compatibility level set to JAVA_17
[21嬝堎2025 23:46:46.104] [main/INFO] [mixin/]: Successfully loaded Mixin Connector [com.aizistral.enigmaticlegacy.MixinConnector]
[21嬝堎2025 23:46:46.114] [main/INFO] [cpw.mods.modlauncher.LaunchServiceHandler/MODLAUNCHER]: Launching target 'forgeclient' with arguments [--version, CMYK Genesis of Farrier, --gameDir, B:\CMYK\powered\.minecraft\versions\CMYK Genesis of Farrier, --assetsDir, B:\CMYK\powered\.minecraft\assets, --uuid, 41d50f43af8a48e4ba453f843b139d78, --username, Ichinosetsubasa, --assetIndex, 5, --accessToken, ????????, --clientId, ${clientid}, --xuid, ${auth_xuid}, --userType, msa, --versionType, CMYK Version: 8015, --width, 1920, --height, 1080]
[21嬝堎2025 23:46:46.203] [main/WARN] [mixin/]: Reference map 'libjf-unsafe-v0-refmap.json' for libjf-unsafe-v0.mixins.json could not be read. If this is a development environment you can ignore this message
[21嬝堎2025 23:46:46.251] [main/INFO] [ModernFix/]: Loaded configuration file for ModernFix 5.19.5+mc1.20.1: 84 options available, 0 override(s) found
[21嬝堎2025 23:46:46.252] [main/INFO] [ModernFix/]: Applying Nashorn fix
[21嬝堎2025 23:46:46.269] [main/INFO] [ModernFix/]: Applied Forge config corruption patch
[21嬝堎2025 23:46:46.279] [main/WARN] [mixin/]: Reference map 'simple_tetra_js.refmap.json' for simple_tetra_js.mixins.json could not be read. If this is a development environment you can ignore this message
[21嬝堎2025 23:46:46.291] [main/INFO] [Embeddium/]: Loaded configuration file for Embeddium: 277 options available, 3 override(s) found
[21嬝堎2025 23:46:46.293] [main/INFO] [Embeddium-GraphicsAdapterProbe/]: Searching for graphics cards...
[21嬝堎2025 23:46:46.611] [main/INFO] [Embeddium-GraphicsAdapterProbe/]: Found graphics card: GraphicsAdapterInfo[vendor=UNKNOWN, name=GameViewer Virtual Display Adapter, version=DriverVersion=17.13.25.697]
[21嬝堎2025 23:46:46.611] [main/INFO] [Embeddium-GraphicsAdapterProbe/]: Found graphics card: GraphicsAdapterInfo[vendor=AMD, name=AMD Radeon RX 7900 XTX, version=DriverVersion=32.0.21025.10016]
[21嬝堎2025 23:46:46.611] [main/INFO] [Embeddium-GraphicsAdapterProbe/]: Found graphics card: GraphicsAdapterInfo[vendor=AMD, name=AMD Radeon(TM) Graphics, version=DriverVersion=32.0.21025.10016]
[21嬝堎2025 23:46:46.653] [main/WARN] [mixin/]: Reference map 'yungsextras.refmap.json' for yungsextras.mixins.json could not be read. If this is a development environment you can ignore this message
[21嬝堎2025 23:46:46.653] [main/WARN] [mixin/]: Reference map 'yungsextras.refmap.json' for yungsextras_forge.mixins.json could not be read. If this is a development environment you can ignore this message
[21嬝堎2025 23:46:46.669] [main/WARN] [mixin/]: Reference map 'durability_overhaul.refmap.json' for cmyk_durability_overhaul.mixins.json could not be read. If this is a development environment you can ignore this message
[21嬝堎2025 23:46:46.724] [main/INFO] [Puzzles Lib/]: Loading 230 mods:
	- accessories 1.0.0-beta46+1.20.1
		|-- fabric_api_base 0.4.31+ef105b4977
		|-- fabric_entity_events_v1 1.6.0+6274ab9d77
		\-- fabric_object_builder_api_v1 11.1.3+2174fc8477
	- ancientreforging 1.3
	- apotheosis 7.4.8
	- apothiccombat 1.1.0
	- appleskin 2.5.1+mc1.20.1
	- architectury 9.2.14
	- armordamagelimit 1.0.0
	- art_of_forging 1.8.4-1.20.1
	- astages 1.4.0-1.20.1
	- attributeslib 1.3.7
	- backupmanager 1.0.0
	- balm 7.3.34
		\-- kuma_api 20.1.10
	- bc_nbt_fix 1.0
	- bettercombat 1.8.6+1.20.1
	- betterdungeons 1.20-Forge-4.0.4
	- betterjungletemples 1.20-Forge-2.0.5
	- bettermineshafts 1.20-Forge-4.0.4
	- betteroceanmonuments 1.20-Forge-3.0.4
	- betterstrongholds 1.20-Forge-4.0.3
	- bookshelf 20.2.13
	- caelus 3.2.0+1.20.1
	- catalogue 1.8.0
	- caxton 0.6.0+1.20.1-FORGE
	- cherishedworlds 6.1.6+1.20.1
	- citresewn 1.20.1-5
	- cloth_config 11.1.136
	- cmyk_durability_overhaul 8.0.1.5-b2
	- cobweb 1.0.1
	- com_github_llamalad7_mixinextras 0.2.2
	- com_moandjiezana_toml_toml4j 0.7.2
	- configured 2.2.3
	- connectormod 1.0.0-beta.46+1.20.1
	- cpapireforged 1.0.4
	- create 6.0.6
		|-- flywheel 1.0.4
		\-- ponder 1.0.80
	- create_sa 2.1.0
	- creativecore 2.12.32
	- cupboard 1.20.1-2.7
	- curios 7.4.0+1.20.1
		\-- cclayer 0.beta.18
	- curiouslanterns 1.20.1-1.3.3
	- cyclopscore 1.19.5
	- dsurround 0.3.3
	- dynamiclightsreforged 1.20.1_v1.6.0
	- easy_villagers 1.20.1-1.0.17
	- eco 2.4.6
	- embeddium 0.3.31+mc1.20.1
		\-- rubidium 0.7.1
	- emi 1.1.22+1.20.1+forge
	- emi_ores 1.2+1.20.1+forge
	- emiffect 1.1.2+mc1.20.1
	- emitrades 1.2.1+mc1.20.1
	- enchdesc 17.1.19
	- enhancedai 2.5.5
	- enhancedvisuals 1.8.2
	- enigmaticlegacy 2.30.1
	- entity_model_features 2.4.1
	- entity_texture_features 6.2.9
	- entityculling 1.7.1
	- eventjs 1.3.0
	- fabric_api 0.92.2+1.11.8+1.20.1
		|-- fabric_api_lookup_api_v1 1.6.36+67f9824077
		|-- fabric_biome_api_v1 13.0.13+dc36698e77
		|-- fabric_block_api_v1 1.0.11+0e6cb7f777
		|-- fabric_block_view_api_v2 1.0.1+0767707077
		|-- fabric_blockrenderlayer_v1 1.1.41+1d0da21e77
		|-- fabric_client_tags_api_v1 1.1.2+5d6761b877
		|-- fabric_command_api_v1 1.2.34+f71b366f77
		|-- fabric_command_api_v2 2.2.13+561530ec77
		|-- fabric_content_registries_v0 4.0.11+a670df1e77
		|-- fabric_convention_tags_v1 1.5.5+fa3d1c0177
		|-- fabric_data_attachment_api_v1 1.0.0+30ef839e77
		|-- fabric_data_generation_api_v1 12.3.4+369cb3a477
		|-- fabric_dimensions_v1 2.1.54+8005d10d77
		|-- fabric_events_interaction_v0 0.6.2+0d0bd5a777
		|-- fabric_game_rule_api_v1 1.0.40+683d4da877
		|-- fabric_item_api_v1 2.1.28+4d0bbcfa77
		|-- fabric_item_group_api_v1 4.0.12+c9161c2d77
		|-- fabric_key_binding_api_v1 1.0.37+561530ec77
		|-- fabric_lifecycle_events_v1 2.2.22+afab492177
		|-- fabric_loot_api_v2 1.2.1+eb28f93e77
		|-- fabric_message_api_v1 5.1.9+52cc178c77
		|-- fabric_mining_level_api_v1 2.1.50+561530ec77
		|-- fabric_model_loading_api_v1 1.0.3+6274ab9d77
		|-- fabric_models_v0 0.4.2+7c3892a477
		|-- fabric_networking_api_v1 1.3.11+503a202477
		|-- fabric_particles_v1 1.1.2+78e1ecb877
		|-- fabric_recipe_api_v1 1.0.21+514a076577
		|-- fabric_registry_sync_v0 2.3.3+1c0ea72177
		|-- fabric_renderer_api_v1 3.2.1+1d29b44577
		|-- fabric_renderer_indigo 1.5.2+b5b2da4177
		|-- fabric_rendering_data_attachment_v1 0.3.37+a6081afc77
		|-- fabric_rendering_fluids_v1 3.0.28+4ac5e37a77
		|-- fabric_rendering_v1 3.0.8+66e9a48f77
		|-- fabric_resource_conditions_api_v1 2.3.8+9ad825cd77
		|-- fabric_resource_loader_v0 0.11.10+bcd08ed377
		|-- fabric_screen_api_v1 2.0.8+45a670a577
		|-- fabric_screen_handler_api_v1 1.3.30+561530ec77
		|-- fabric_sound_api_v1 1.0.13+4f23bd8477
		|-- fabric_transfer_api_v1 3.3.5+631c9cd677
		\-- fabric_transitive_access_wideners_v1 4.3.1+1880499877
	- ferritecore 6.0.1
	- flerovium 1.2.15
	- forge 47.4.6
	- forgeconfigscreens 8.0.2
	- ftblibrary 2001.2.10
	- ftbquests 2001.4.14
	- ftbquestsfreezefix 1.0.0
	- ftbteams 2001.3.1
	- fzzy_config 0.7.2+1.20.1+forge
	- gamemenuremovegfarb 2.1.2
	- geckolib 4.7
	- goprone 3.1.1
	- great_scrollable_tooltips 15.3.2+forge
	- grindstone_honing 1.0.0-fix4
	- halohud 4.2+1.20.2
		|-- mixinextras 0.2.0
		\-- yaclx 1.9
	- iceberg 0.0NONE
	- iguanatweaksreborn 3.21.4-mc1.20.1
	- imblocker 5.4.2
	- insanelib 1.18.1
	- inventoryhud 3.4.26
	- inventoryprofilesnext 1.10.11
	- itemborders 1.2.2
	- itemfilters 2001.1.0-build.59
	- itemphysic 1.8.8
	- jade 11.13.2+forge
	- jadeaddons 5.5.0+forge
	- jecharacters 4.5.11
	- jeiintegration 10.0.0
	- jeitetra 6.9.0-1.1.1
	- jumpoverfences 1.3.1
	- justlevelingfork 1.2.1
	- justzoom 2.0.0
	- konkrete 1.8.0
	- kotlinforforge 4.11.0
	- kubejs 2001.6.5-build.16
	- kubejs_create 2001.3.0-build.8
	- languagereload 1.0.1
	- lazydfu 0.1.3
	- leawind_third_person 2.2.0-beta.4
	- libipn 4.0.2
	- libjf 3.12.5
	- libjf_base 3.12.5
	- libjf_config_commands_v1 3.12.5
	- libjf_config_core_v1 3.12.5
	- libjf_config_reflect_v1 3.12.5
	- libjf_config_ui_tiny_v1 3.12.5
	- libjf_data_manipulation_v0 3.12.5
	- libjf_data_v0 3.12.5
	- libjf_translate_v1 3.12.5
	- libjf_unsafe_v0 3.12.5
	- libjf_web_v0 3.12.5
	- lootbeams 1.0.3
	- lootjs 1.20.1-2.13.0
	- lootr 0.7.35.90
	- mafglib 0.1.14-mc1.20.1
	- maxhealthfix 12.0.3
	- mcwifipnp 1.7.3
	- minecraft 1.20.1
	- mmmindicators 1.0.0
	- modernfix 5.19.5+mc1.20.1
	- mru 1.0.4+1.20.1+forge
	- multimine 1.20.1.4
	- mutil 6.2.0
	- nebs 1.8.0
	- necronomicon 1.6.0
	- nochatreports 1.20.1-v2.2.2
	- noisium 2.3.0+mc1.20-1.20.1
	- norealmsbutton 1.0.2
	- notenoughanimations 1.8.1
	- nyfsspiders 2.1.1
	- oculus 1.8.0
	- openloader 19.0.4
	- org_openjdk_nashorn_nashorn_core 15.4
	- overflowingbars 8.0.1
	- patchouli 1.20.1-84-FORGE
	- pingwheel 1.10.0
	- placebo 8.6.3
	- playeranimator 1.0.2-rc1+1.20
	- polylib 2000.0.3-build.143
	- polymorph 0.49.10+1.20.1
		\-- spectrelib 0.13.17+1.20.1
	- prism 1.0.5
	- puzzleslib 8.1.25
		\-- puzzlesaccessapi 8.0.7
	- quitornot 1.0.1
	- radiantgear 2.1.5+1.20.1
	- railways 1.6.12-alpha+forge-mc1.20.1
	- rhino 2001.2.3-build.6
	- salwayseat 5.2
	- secrets_of_forging_revelations 1.3.4-1.20.1-b
	- simple_tetra_js 1.0.1
	- skinlayers3d 1.7.2
	- smoothscroll 2.1.3.1
	- smsn 1.20.1-1.2.7
	- sodiumextras 1.0.6
	- solcarrot 1.15.1
	- sophisticatedbackpacks 3.23.26.1315
	- sophisticatedcore 1.2.81.1091
	- soul_fire_d 4.0.11
	- sounds 2.2.1+1.20.1+forge
	- staaaaaaaaaaaack 1.20.1-1.5-71
	- terrablender 3.0.1.4
	- tetra 6.11.0
	- tetra_gui_compat 1.20.1-1.0.0
	- tetra_view 6.9.0-1.0.0
	- tetracelium 1.3.1
	- tetraclip 1.0.6
	- tetracompat 1.0.0
	- tetraextras 0.1.4-1.20.1
	- tetratic_combat_expanded 2.8.3
	- the_afterdark 1.0.3.1
	- toastcontrol 8.0.3
	- toomanyrecipeviewers 0.6.3+mc.20.1
		\-- jei 15.20.0.112
	- trashslot 15.1.2
	- twilightforest 4.3.2508
	- visual_keybinder 1.20.1 - 0.1.6
	- wireless_workbench 6.9.0-1.0.0-fix
	- witheringboon 1.8.3
	- xaerominimap 24.6.1
	- xaeroplus 2.24.7
	- xaeroworldmap 1.39.0
	- yet_another_config_lib_v3 3.6.6+1.20.1-forge
	- yungsapi 1.20-Forge-4.0.6
	- yungsextras 1.20-Forge-4.0.3
[21嬝堎2025 23:46:46.726] [main/WARN] [mixin/]: Reference map 'TetraExtras-1.20.refmap.json' for tetraextras.mixins.json could not be read. If this is a development environment you can ignore this message
[21嬝堎2025 23:46:46.821] [main/WARN] [mixin/]: Reference map 'cobweb.refmap.json' for cobweb.mixins.json could not be read. If this is a development environment you can ignore this message
[21嬝堎2025 23:46:46.821] [main/WARN] [mixin/]: Reference map 'cobweb.refmap.json' for cobweb.forge.mixins.json could not be read. If this is a development environment you can ignore this message
[21嬝堎2025 23:46:46.842] [main/WARN] [mixin/]: Reference map 'trashslot.refmap.json' for trashslot.mixins.json could not be read. If this is a development environment you can ignore this message
[21嬝堎2025 23:46:46.860] [main/WARN] [mixin/]: Reference map 'tetra_gui_compat.refmap.json' for tetra_gui_compat.mixins.json could not be read. If this is a development environment you can ignore this message
[21嬝堎2025 23:46:46.911] [main/WARN] [mixin/]: Reference map '' for adapter.init.mixins.json could not be read. If this is a development environment you can ignore this message
[21嬝堎2025 23:46:47.580] [main/INFO] [net.minecraftforge.coremod.CoreMod.apotheosis/COREMODLOG]: Replaced 2 calls to Enchantment#getMaxLevel() in net/minecraft/world/inventory/AnvilMenu
[21嬝堎2025 23:46:47.588] [main/WARN] [mixin/]: Error loading class: org/violetmoon/quark/content/tweaks/module/GoldToolsHaveFortuneModule (java.lang.ClassNotFoundException: org.violetmoon.quark.content.tweaks.module.GoldToolsHaveFortuneModule)
[21嬝堎2025 23:46:47.590] [main/INFO] [net.minecraftforge.coremod.CoreMod.placebo/COREMODLOG]: Patching IForgeItemStack#getEnchantmentLevel
[21嬝堎2025 23:46:47.594] [main/INFO] [net.minecraftforge.coremod.CoreMod.placebo/COREMODLOG]: Patching IForgeItemStack#getEnchantmentLevel
[21嬝堎2025 23:46:47.600] [main/INFO] [net.minecraftforge.coremod.CoreMod.placebo/COREMODLOG]: Patching IForgeItemStack#getEnchantmentLevel
[21嬝堎2025 23:46:47.601] [main/INFO] [net.minecraftforge.coremod.CoreMod.placebo/COREMODLOG]: Patching IForgeItemStack#getEnchantmentLevel
[21嬝堎2025 23:46:47.607] [main/WARN] [mixin/]: Error loading class: com/hollingsworth/arsnouveau/common/items/SpellCrossbow (java.lang.ClassNotFoundException: com.hollingsworth.arsnouveau.common.items.SpellCrossbow)
[21嬝堎2025 23:46:47.611] [main/WARN] [mixin/]: Error loading class: org/violetmoon/quark/content/client/tooltip/AttributeTooltips (java.lang.ClassNotFoundException: org.violetmoon.quark.content.client.tooltip.AttributeTooltips)
[21嬝堎2025 23:46:47.764] [main/WARN] [mixin/]: Error loading class: com/aetherteam/aether/inventory/menu/AccessoriesMenu (java.lang.ClassNotFoundException: com.aetherteam.aether.inventory.menu.AccessoriesMenu)
[21嬝堎2025 23:46:47.788] [main/WARN] [mixin/]: Error loading class: mekanism/client/render/entity/RenderFlame (java.lang.ClassNotFoundException: mekanism.client.render.entity.RenderFlame)
[21嬝堎2025 23:46:47.788] [main/WARN] [mixin/]: Error loading class: mekanism/client/render/armor/MekaSuitArmor (java.lang.ClassNotFoundException: mekanism.client.render.armor.MekaSuitArmor)
[21嬝堎2025 23:46:47.922] [main/WARN] [mixin/]: Error loading class: mezz/jei/library/load/PluginCaller (java.lang.ClassNotFoundException: mezz.jei.library.load.PluginCaller)
[21嬝堎2025 23:46:47.926] [main/INFO] [net.minecraftforge.coremod.CoreMod.attributeslib/COREMODLOG]: Patching EffectRenderingInventoryScreen#renderEffects
[21嬝堎2025 23:46:47.996] [main/WARN] [mixin/]: Error loading class: dev/shadowsoffire/fastbench/util/FastBenchUtil (java.lang.ClassNotFoundException: dev.shadowsoffire.fastbench.util.FastBenchUtil)
[21嬝堎2025 23:46:47.996] [main/WARN] [mixin/]: @Mixin target dev.shadowsoffire.fastbench.util.FastBenchUtil was not found astages.mixins.json:AFastBenchUtil from mod astages
[21嬝堎2025 23:46:47.998] [main/WARN] [mixin/]: Error loading class: mcjty/incontrol/compat/ModRuleCompatibilityLayer (java.lang.ClassNotFoundException: mcjty.incontrol.compat.ModRuleCompatibilityLayer)
[21嬝堎2025 23:46:47.998] [main/WARN] [mixin/]: @Mixin target mcjty.incontrol.compat.ModRuleCompatibilityLayer was not found astages.mixins.json:AModRuleCompatibilityLayer from mod astages
[21嬝堎2025 23:46:48.002] [main/WARN] [mixin/]: Error loading class: mezz/jei/library/startup/JeiStarter (java.lang.ClassNotFoundException: mezz.jei.library.startup.JeiStarter)
[21嬝堎2025 23:46:48.002] [main/WARN] [mixin/]: @Mixin target mezz.jei.library.startup.JeiStarter was not found astages.mixins.json:reload.AJeiStarter from mod astages
[21嬝堎2025 23:46:48.068] [main/WARN] [mixin/]: Error loading class: net/caffeinemc/mods/sodium/client/gui/SodiumOptionsGUI (java.lang.ClassNotFoundException: net.caffeinemc.mods.sodium.client.gui.SodiumOptionsGUI)
[21嬝堎2025 23:46:48.093] [main/WARN] [mixin/]: Error loading class: io/redspace/ironsspellbooks/effect/EchoingStrikesEffect (java.lang.ClassNotFoundException: io.redspace.ironsspellbooks.effect.EchoingStrikesEffect)
[21嬝堎2025 23:46:48.093] [main/WARN] [mixin/]: @Mixin target io.redspace.ironsspellbooks.effect.EchoingStrikesEffect was not found tetraclip.mixins.json:ironspell.EchoStrikeMixin from mod tetraclip
[21嬝堎2025 23:46:48.099] [main/WARN] [mixin/]: Error loading class: com/anthonyhilyard/legendarytooltips/LegendaryTooltips (java.lang.ClassNotFoundException: com.anthonyhilyard.legendarytooltips.LegendaryTooltips)
[21嬝堎2025 23:46:48.099] [main/WARN] [mixin/]: @Mixin target com.anthonyhilyard.legendarytooltips.LegendaryTooltips was not found great-scrollable-tooltips.mixins.json:legendarytooltips.MixinLegendaryTooltips from mod great_scrollable_tooltips
[21嬝堎2025 23:46:48.169] [main/INFO] [net.minecraftforge.coremod.CoreMod.apotheosis/COREMODLOG]: Replaced 2 calls to Enchantment#getMaxLevel() in net/minecraft/world/item/CreativeModeTabs
[21嬝堎2025 23:46:48.268] [main/WARN] [mixin/]: Error loading class: net/raphimc/immediatelyfast/feature/core/BatchableBufferSource (java.lang.ClassNotFoundException: net.raphimc.immediatelyfast.feature.core.BatchableBufferSource)
[21嬝堎2025 23:46:48.289] [main/WARN] [IMixinConfigPlugin/]: Inventory Profiles Next: Doing our own dependency resolving! Because Forge is being Forge....: https://github.com/MinecraftForge/MinecraftForge/issues/9088
[21嬝堎2025 23:46:48.325] [main/WARN] [mixin/]: Error loading class: mezz/modnametooltip/TooltipEventHandler (java.lang.ClassNotFoundException: mezz.modnametooltip.TooltipEventHandler)
[21嬝堎2025 23:46:48.326] [main/WARN] [mixin/]: Error loading class: me/shedaniel/rei/impl/client/ClientHelperImpl (java.lang.ClassNotFoundException: me.shedaniel.rei.impl.client.ClientHelperImpl)
[21嬝堎2025 23:46:48.328] [main/WARN] [mixin/]: Error loading class: com/vicmatskiv/pointblank/item/GunItem (java.lang.ClassNotFoundException: com.vicmatskiv.pointblank.item.GunItem)
[21嬝堎2025 23:46:48.328] [main/WARN] [mixin/]: @Mixin target com.vicmatskiv.pointblank.item.GunItem was not found justlevelingfork.mixins.json:MixGunItem from mod justlevelingfork
[21嬝堎2025 23:46:48.351] [main/WARN] [mixin/]: Error loading class: com/github/alexmodguy/alexscaves/server/item/GalenaGauntletItem (java.lang.ClassNotFoundException: com.github.alexmodguy.alexscaves.server.item.GalenaGauntletItem)
[21嬝堎2025 23:46:48.351] [main/WARN] [mixin/]: @Mixin target com.github.alexmodguy.alexscaves.server.item.GalenaGauntletItem was not found tetracompat.mixins.json:alexscaves.GalenaGauntletItemMixin from mod tetracompat
[21嬝堎2025 23:46:48.351] [main/WARN] [mixin/]: Error loading class: dev/ftb/mods/ftbultimine/FTBUltimine (java.lang.ClassNotFoundException: dev.ftb.mods.ftbultimine.FTBUltimine)
[21嬝堎2025 23:46:48.351] [main/WARN] [mixin/]: @Mixin target dev.ftb.mods.ftbultimine.FTBUltimine was not found tetracompat.mixins.json:ftbultimine.FTBUltimineMixin from mod tetracompat
[21嬝堎2025 23:46:48.352] [main/WARN] [mixin/]: Error loading class: dev/ftb/mods/ftbultimine/RightClickHandlers (java.lang.ClassNotFoundException: dev.ftb.mods.ftbultimine.RightClickHandlers)
[21嬝堎2025 23:46:48.352] [main/WARN] [mixin/]: @Mixin target dev.ftb.mods.ftbultimine.RightClickHandlers was not found tetracompat.mixins.json:ftbultimine.RightClickHandlersInvoker from mod tetracompat
[21嬝堎2025 23:46:48.352] [main/WARN] [mixin/]: Error loading class: dev/ftb/mods/ftbultimine/RightClickHandlers (java.lang.ClassNotFoundException: dev.ftb.mods.ftbultimine.RightClickHandlers)
[21嬝堎2025 23:46:48.352] [main/WARN] [mixin/]: @Mixin target dev.ftb.mods.ftbultimine.RightClickHandlers was not found tetracompat.mixins.json:ftbultimine.RightClickHandlersMixin from mod tetracompat
[21嬝堎2025 23:46:48.380] [main/INFO] [net.minecraftforge.coremod.CoreMod.apotheosis/COREMODLOG]: Replaced 1 calls to Enchantment#getMaxLevel() in net/minecraft/world/level/storage/loot/functions/EnchantRandomlyFunction
[21嬝堎2025 23:46:48.380] [main/INFO] [net.minecraftforge.coremod.CoreMod.apotheosis/COREMODLOG]: Replaced 1 calls to Enchantment#isDiscoverable() in net/minecraft/world/level/storage/loot/functions/EnchantRandomlyFunction
[21嬝堎2025 23:46:48.385] [main/INFO] [net.minecraftforge.coremod.CoreMod.apotheosis/COREMODLOG]: Patching FishingHook#catchingFish
[21嬝堎2025 23:46:48.407] [main/WARN] [mixin/]: Error loading class: net/strobel/inventive_inventory/features/sorting/SortingHandler (java.lang.ClassNotFoundException: net.strobel.inventive_inventory.features.sorting.SortingHandler)
[21嬝堎2025 23:46:48.408] [main/WARN] [mixin/]: Error loading class: de/rubixdev/inventorio/player/InventorioScreenHandler (java.lang.ClassNotFoundException: de.rubixdev.inventorio.player.InventorioScreenHandler)
[21嬝堎2025 23:46:48.416] [main/WARN] [mixin/]: Error loading class: se/mickelus/tetra/items/modular/impl/holo/gui/craft/HoloItemsGui (java.lang.ClassNotFoundException: se.mickelus.tetra.items.modular.impl.holo.gui.craft.HoloItemsGui)
[21嬝堎2025 23:46:48.416] [main/WARN] [mixin/]: @Mixin target se.mickelus.tetra.items.modular.impl.holo.gui.craft.HoloItemsGui was not found tetra_gui_compat.mixins.json:HoloItemsGuiMixin from mod tetra_gui_compat
[21嬝堎2025 23:46:48.435] [main/WARN] [mixin/]: Error loading class: net/darkhax/darkutils/features/charms/CharmEffects (java.lang.ClassNotFoundException: net.darkhax.darkutils.features.charms.CharmEffects)
[21嬝堎2025 23:46:48.435] [main/WARN] [mixin/]: Error loading class: com/brandon3055/csg/ModEventHandler (java.lang.ClassNotFoundException: com.brandon3055.csg.ModEventHandler)
[21嬝堎2025 23:46:48.438] [main/WARN] [mixin/]: Error loading class: vazkii/quark/content/tweaks/module/AutomaticRecipeUnlockModule (java.lang.ClassNotFoundException: vazkii.quark.content.tweaks.module.AutomaticRecipeUnlockModule)
[21嬝堎2025 23:46:48.440] [main/WARN] [mixin/]: Error loading class: vazkii/quark/content/management/client/screen/widgets/MiniInventoryButton (java.lang.ClassNotFoundException: vazkii.quark.content.management.client.screen.widgets.MiniInventoryButton)
[21嬝堎2025 23:46:48.458] [main/WARN] [mixin/]: Error loading class: journeymap/client/ui/fullscreen/Fullscreen (java.lang.ClassNotFoundException: journeymap.client.ui.fullscreen.Fullscreen)
[21嬝堎2025 23:46:48.458] [main/WARN] [mixin/]: @Mixin target journeymap.client.ui.fullscreen.Fullscreen was not found create.mixins.json:compat.JourneyFullscreenMapMixin from mod create
[21嬝堎2025 23:46:48.499] [main/WARN] [Embeddium/]: Force-disabling mixin 'features.render.world.sky.WorldRendererMixin' as rule 'mixin.features.render.world.sky' (added by mods [oculus]) disables it and children
[21嬝堎2025 23:46:48.499] [main/WARN] [Embeddium/]: Force-disabling mixin 'features.render.world.sky.ClientWorldMixin' as rule 'mixin.features.render.world.sky' (added by mods [oculus]) disables it and children
[21嬝堎2025 23:46:48.499] [main/WARN] [Embeddium/]: Force-disabling mixin 'features.render.world.sky.BackgroundRendererMixin' as rule 'mixin.features.render.world.sky' (added by mods [oculus]) disables it and children
[21嬝堎2025 23:46:48.500] [main/WARN] [Embeddium/]: Force-disabling mixin 'features.render.gui.font.GlyphRendererMixin' as rule 'mixin.features.render.gui.font' (added by mods [oculus]) disables it and children
[21嬝堎2025 23:46:48.501] [main/WARN] [Embeddium/]: Force-disabling mixin 'features.render.gui.font.FontSetMixin' as rule 'mixin.features.render.gui.font' (added by mods [oculus]) disables it and children
[21嬝堎2025 23:46:48.501] [main/WARN] [Embeddium/]: Force-disabling mixin 'features.render.entity.shadows.EntityRenderDispatcherMixin' as rule 'mixin.features.render.entity' (added by mods [oculus]) disables it and children
[21嬝堎2025 23:46:48.501] [main/WARN] [Embeddium/]: Force-disabling mixin 'features.render.entity.remove_streams.ModelPartMixin' as rule 'mixin.features.render.entity' (added by mods [oculus]) disables it and children
[21嬝堎2025 23:46:48.501] [main/WARN] [Embeddium/]: Force-disabling mixin 'features.render.entity.remove_streams.HierarchicalModelMixin' as rule 'mixin.features.render.entity' (added by mods [oculus]) disables it and children
[21嬝堎2025 23:46:48.501] [main/WARN] [Embeddium/]: Force-disabling mixin 'features.render.entity.fast_render.ModelPartMixin' as rule 'mixin.features.render.entity' (added by mods [oculus]) disables it and children
[21嬝堎2025 23:46:48.501] [main/WARN] [Embeddium/]: Force-disabling mixin 'features.render.entity.fast_render.CuboidMixin' as rule 'mixin.features.render.entity' (added by mods [oculus]) disables it and children
[21嬝堎2025 23:46:48.501] [main/WARN] [Embeddium/]: Force-disabling mixin 'features.render.entity.cull.EntityRendererMixin' as rule 'mixin.features.render.entity' (added by mods [oculus]) disables it and children
[21嬝堎2025 23:46:48.608] [main/WARN] [mixin/]: Error loading class: org/jetbrains/annotations/ApiStatus$Internal (java.lang.ClassNotFoundException: org.jetbrains.annotations.ApiStatus$Internal)
[21嬝堎2025 23:46:48.710] [main/INFO] [libjf/]: Registering config for libjf-translate-v1
[21嬝堎2025 23:46:48.715] [main/INFO] [libjf/]: Registering config for libjf-web-v0
[21嬝堎2025 23:46:48.719] [main/INFO] [MixinExtras|Service/]: Initializing MixinExtras via com.llamalad7.mixinextras.service.MixinExtrasServiceImpl(version=0.5.0-beta.2).
[21嬝堎2025 23:46:48.967] [main/INFO] [mixin/]: Mixing client.MixinMinecraft from mixins/common/nochatreports.mixins.json into net.minecraft.client.Minecraft
[21嬝堎2025 23:46:49.236] [main/WARN] [mixin/]: Static binding violation: PRIVATE @Overwrite method m_216202_ in modernfix-forge.mixins.json:perf.tag_id_caching.TagOrElementLocationMixin from mod modernfix cannot reduce visibiliy of PUBLIC target method, visibility will be upgraded.
[21嬝堎2025 23:46:49.805] [main/WARN] [oshi.driver.windows.perfmon.PerfmonDisabled/]: Invalid registry value type detected for PerfOS counters. Should be REG_DWORD. Ignoring: HKEY_LOCAL_MACHINE\SYSTEM\CurrentControlSet\Services\PerfOS\Performance\Disable Performance Counters.
[21嬝堎2025 23:46:50.056] [main/INFO] [mixin/]: Mixing MixinPlayer from enigmaticlegacy.mixins.json into net.minecraft.world.entity.player.Player
[21嬝堎2025 23:46:50.164] [main/INFO] [mixin/]: Mixing MixinLivingEntity from enigmaticlegacy.mixins.json into net.minecraft.world.entity.LivingEntity
[21嬝堎2025 23:46:50.373] [main/INFO] [mixin/]: BeforeConstant is searching for constants in method with descriptor (Lnet/minecraft/network/chat/Component;Z)V
[21嬝堎2025 23:46:50.374] [main/INFO] [mixin/]:   BeforeConstant found INTEGER constant: value = 0, intValue = null
[21嬝堎2025 23:46:50.374] [main/INFO] [mixin/]:     BeforeConstant found a matching constant TYPE at ordinal 0
[21嬝堎2025 23:46:50.374] [main/INFO] [mixin/]:       BeforeConstant found Insn [ICONST_0] 
[21嬝堎2025 23:46:50.374] [main/INFO] [mixin/]:   BeforeConstant found INTEGER constant: value = 60, intValue = null
[21嬝堎2025 23:46:50.374] [main/INFO] [mixin/]:     BeforeConstant found a matching constant TYPE at ordinal 1
[21嬝堎2025 23:46:50.374] [main/INFO] [mixin/]:       BeforeConstant found IntInsn 60
[21嬝堎2025 23:46:50.400] [main/INFO] [mixin/]: Mixing client.MixinChatScreen from mixins/common/nochatreports.mixins.json into net.minecraft.client.gui.screens.ChatScreen
[21嬝堎2025 23:46:50.400] [main/INFO] [mixin/]: Renaming synthetic method lambda$onInit$4()Lnet/minecraft/network/chat/Component; to md762814$nochatreports$lambda$onInit$4$0 in mixins/common/nochatreports.mixins.json:client.MixinChatScreen from mod nochatreports
[21嬝堎2025 23:46:50.400] [main/INFO] [mixin/]: Renaming synthetic method lambda$onInit$3(Lnet/minecraft/client/gui/components/Button;)V to md762814$nochatreports$lambda$onInit$3$1 in mixins/common/nochatreports.mixins.json:client.MixinChatScreen from mod nochatreports
[21嬝堎2025 23:46:50.400] [main/INFO] [mixin/]: Renaming synthetic method lambda$onInit$2()Lnet/minecraft/network/chat/Component; to md762814$nochatreports$lambda$onInit$2$2 in mixins/common/nochatreports.mixins.json:client.MixinChatScreen from mod nochatreports
[21嬝堎2025 23:46:50.400] [main/INFO] [mixin/]: Renaming synthetic method lambda$onInit$1(Lnet/minecraft/client/gui/components/Button;)V to md762814$nochatreports$lambda$onInit$1$3 in mixins/common/nochatreports.mixins.json:client.MixinChatScreen from mod nochatreports
[21嬝堎2025 23:46:50.400] [main/INFO] [mixin/]: Renaming synthetic method lambda$onBeforeMessage$0(Ljava/lang/String;Lorg/spongepowered/asm/mixin/injection/callback/CallbackInfoReturnable;Lcom/aizistral/nochatreports/common/encryption/Encryptor;)V to md762814$nochatreports$lambda$onBeforeMessage$0$4 in mixins/common/nochatreports.mixins.json:client.MixinChatScreen from mod nochatreports
[21嬝堎2025 23:46:50.492] [main/INFO] [net.minecraftforge.coremod.CoreMod.attributeslib/COREMODLOG]: Patching EffectRenderingInventoryScreen#renderEffects
[21嬝堎2025 23:46:50.565] [main/INFO] [mixin/]: Mixing client.MixinTitleScreen from mixins/common/nochatreports.mixins.json into net.minecraft.client.gui.screens.TitleScreen
[21嬝堎2025 23:46:50.646] [pool-4-thread-1/INFO] [net.minecraft.server.Bootstrap/]: ModernFix reached bootstrap stage (11.40 s after launch)
[21嬝堎2025 23:46:50.709] [pool-4-thread-1/INFO] [mixin/]: Mixing common.MixinFriendlyByteBuf from mixins/common/nochatreports.mixins.json into net.minecraft.network.FriendlyByteBuf
[21嬝堎2025 23:46:50.710] [pool-4-thread-1/INFO] [mixin/]: Renaming synthetic method lambda$onWriteJsonWithCodec$1(Ljava/lang/Object;Ljava/lang/String;)Lio/netty/handler/codec/EncoderException; to md762814$nochatreports$lambda$onWriteJsonWithCodec$1$0 in mixins/common/nochatreports.mixins.json:common.MixinFriendlyByteBuf from mod nochatreports
[21嬝堎2025 23:46:50.710] [pool-4-thread-1/INFO] [mixin/]: Renaming synthetic method lambda$onReadJsonWithCodec$0(Ljava/lang/String;)Lio/netty/handler/codec/DecoderException; to md762814$nochatreports$lambda$onReadJsonWithCodec$0$1 in mixins/common/nochatreports.mixins.json:common.MixinFriendlyByteBuf from mod nochatreports
[21嬝堎2025 23:46:50.732] [pool-4-thread-1/WARN] [mixin/]: @Final field delegatesByName:Ljava/util/Map; in modernfix-forge.mixins.json:perf.forge_registry_alloc.ForgeRegistryMixin from mod modernfix should be final
[21嬝堎2025 23:46:50.732] [pool-4-thread-1/WARN] [mixin/]: @Final field delegatesByValue:Ljava/util/Map; in modernfix-forge.mixins.json:perf.forge_registry_alloc.ForgeRegistryMixin from mod modernfix should be final
[21嬝堎2025 23:46:50.951] [pool-4-thread-1/INFO] [mixin/]: Mixing MixinMobEffect from enigmaticlegacy.mixins.json into net.minecraft.world.effect.MobEffect
[21嬝堎2025 23:46:51.059] [pool-4-thread-1/INFO] [net.minecraftforge.coremod.CoreMod.apotheosis/COREMODLOG]: Replaced 2 calls to Enchantment#getMaxLevel() in net/minecraft/world/item/CreativeModeTabs
[21嬝堎2025 23:46:51.412] [pool-4-thread-1/INFO] [net.minecraft.server.Bootstrap/]: Vanilla bootstrap took 765 milliseconds
[21嬝堎2025 23:46:51.628] [pool-4-thread-1/INFO] [mixin/]: Mixing AccessorAbstractArrowEntity from enigmaticlegacy.mixins.json into net.minecraft.world.entity.projectile.AbstractArrow
[21嬝堎2025 23:46:51.696] [pool-4-thread-1/INFO] [mixin/]: Mixing MixinEnchantmentContainer from enigmaticlegacy.mixins.json into net.minecraft.world.inventory.EnchantmentMenu
[21嬝堎2025 23:46:51.696] [pool-4-thread-1/INFO] [mixin/]: Renaming synthetic method lambda$onEnchantedItem$0(Lnet/minecraft/world/item/ItemStack;Lnet/minecraft/world/inventory/EnchantmentMenu;ILnet/minecraft/world/entity/player/Player;ILnet/minecraft/world/level/Level;Lnet/minecraft/core/BlockPos;)V to md762814$lambda$onEnchantedItem$0$2 in enigmaticlegacy.mixins.json:MixinEnchantmentContainer from mod (unknown)
[21嬝堎2025 23:46:51.735] [pool-4-thread-1/INFO] [mixin/]: Mixing MixinItemStack from enigmaticlegacy.mixins.json into net.minecraft.world.item.ItemStack
[21嬝堎2025 23:46:51.741] [pool-4-thread-1/INFO] [mixin/]: Instancing error handler class com.illusivesoulworks.polymorph.mixin.IntegratedMixinPlugin
[21嬝堎2025 23:46:51.741] [pool-4-thread-1/FATAL] [mixin/]: Mixin apply for mod cmyk_durability_overhaul failed cmyk_durability_overhaul.mixins.json:ToolDurabilityMixin from mod cmyk_durability_overhaul -> net.minecraft.world.item.ItemStack: org.spongepowered.asm.mixin.injection.throwables.InvalidInjectionException Critical injection failure: @Inject annotation on onHurt could not find any targets matching 'hurt' in net.minecraft.world.item.ItemStack. No refMap loaded. [PREINJECT Applicator Phase -> cmyk_durability_overhaul.mixins.json:ToolDurabilityMixin from mod cmyk_durability_overhaul -> Prepare Injections ->  -> handler$bnm000$cmyk_durability_overhaul$onHurt(ILnet/minecraft/util/RandomSource;Lnet/minecraft/server/level/ServerPlayer;Lorg/spongepowered/asm/mixin/injection/callback/CallbackInfoReturnable;)V -> Parse]
org.spongepowered.asm.mixin.injection.throwables.InvalidInjectionException: Critical injection failure: @Inject annotation on onHurt could not find any targets matching 'hurt' in net.minecraft.world.item.ItemStack. No refMap loaded. [PREINJECT Applicator Phase -> cmyk_durability_overhaul.mixins.json:ToolDurabilityMixin from mod cmyk_durability_overhaul -> Prepare Injections ->  -> handler$bnm000$cmyk_durability_overhaul$onHurt(ILnet/minecraft/util/RandomSource;Lnet/minecraft/server/level/ServerPlayer;Lorg/spongepowered/asm/mixin/injection/callback/CallbackInfoReturnable;)V -> Parse]
	at org.spongepowered.asm.mixin.injection.struct.InjectionInfo.validateTargets(InjectionInfo.java:656) ~[mixin-0.8.5.jar:0.8.5+Jenkins-b310.git-155314e6e91465dad727e621a569906a410cd6f4]
	at org.spongepowered.asm.mixin.injection.struct.InjectionInfo.findTargets(InjectionInfo.java:587) ~[mixin-0.8.5.jar:0.8.5+Jenkins-b310.git-155314e6e91465dad727e621a569906a410cd6f4]
	at org.spongepowered.asm.mixin.injection.struct.InjectionInfo.readAnnotation(InjectionInfo.java:330) ~[mixin-0.8.5.jar:0.8.5+Jenkins-b310.git-155314e6e91465dad727e621a569906a410cd6f4]
	at org.spongepowered.asm.mixin.injection.struct.InjectionInfo.<init>(InjectionInfo.java:316) ~[mixin-0.8.5.jar:0.8.5+Jenkins-b310.git-155314e6e91465dad727e621a569906a410cd6f4]
	at org.spongepowered.asm.mixin.injection.struct.InjectionInfo.<init>(InjectionInfo.java:308) ~[mixin-0.8.5.jar:0.8.5+Jenkins-b310.git-155314e6e91465dad727e621a569906a410cd6f4]
	at org.spongepowered.asm.mixin.injection.struct.CallbackInjectionInfo.<init>(CallbackInjectionInfo.java:46) ~[mixin-0.8.5.jar:0.8.5+Jenkins-b310.git-155314e6e91465dad727e621a569906a410cd6f4]
	at jdk.internal.reflect.DirectConstructorHandleAccessor.newInstance(DirectConstructorHandleAccessor.java:62) ~[?:?]
	at java.lang.reflect.Constructor.newInstanceWithCaller(Constructor.java:502) ~[?:?]
	at java.lang.reflect.Constructor.newInstance(Constructor.java:486) ~[?:?]
	at org.spongepowered.asm.mixin.injection.struct.InjectionInfo$InjectorEntry.create(InjectionInfo.java:149) ~[mixin-0.8.5.jar:0.8.5+Jenkins-b310.git-155314e6e91465dad727e621a569906a410cd6f4]
	at org.spongepowered.asm.mixin.injection.struct.InjectionInfo.parse(InjectionInfo.java:708) ~[mixin-0.8.5.jar:0.8.5+Jenkins-b310.git-155314e6e91465dad727e621a569906a410cd6f4]
	at org.spongepowered.asm.mixin.transformer.MixinTargetContext.prepareInjections(MixinTargetContext.java:1329) ~[mixin-0.8.5.jar:0.8.5+Jenkins-b310.git-155314e6e91465dad727e621a569906a410cd6f4]
	at org.spongepowered.asm.mixin.transformer.MixinApplicatorStandard.prepareInjections(MixinApplicatorStandard.java:1053) ~[mixin-0.8.5.jar:0.8.5+Jenkins-b310.git-155314e6e91465dad727e621a569906a410cd6f4]
	at org.spongepowered.asm.mixin.transformer.MixinApplicatorStandard.applyMixin(MixinApplicatorStandard.java:395) ~[mixin-0.8.5.jar:0.8.5+Jenkins-b310.git-155314e6e91465dad727e621a569906a410cd6f4]
	at org.spongepowered.asm.mixin.transformer.MixinApplicatorStandard.apply(MixinApplicatorStandard.java:327) ~[mixin-0.8.5.jar:0.8.5+Jenkins-b310.git-155314e6e91465dad727e621a569906a410cd6f4]
	at org.spongepowered.asm.mixin.transformer.TargetClassContext.apply(TargetClassContext.java:421) ~[mixin-0.8.5.jar:0.8.5+Jenkins-b310.git-155314e6e91465dad727e621a569906a410cd6f4]
	at org.spongepowered.asm.mixin.transformer.TargetClassContext.applyMixins(TargetClassContext.java:403) ~[mixin-0.8.5.jar:0.8.5+Jenkins-b310.git-155314e6e91465dad727e621a569906a410cd6f4]
	at org.spongepowered.asm.mixin.transformer.MixinProcessor.applyMixins(MixinProcessor.java:363) ~[mixin-0.8.5.jar:0.8.5+Jenkins-b310.git-155314e6e91465dad727e621a569906a410cd6f4]
	at org.spongepowered.asm.mixin.transformer.MixinTransformer.transformClass(MixinTransformer.java:250) ~[mixin-0.8.5.jar:0.8.5+Jenkins-b310.git-155314e6e91465dad727e621a569906a410cd6f4]
	at org.spongepowered.asm.service.modlauncher.MixinTransformationHandler.processClass(MixinTransformationHandler.java:131) ~[mixin-0.8.5.jar:0.8.5+Jenkins-b310.git-155314e6e91465dad727e621a569906a410cd6f4]
	at org.spongepowered.asm.launch.MixinLaunchPluginLegacy.processClass(MixinLaunchPluginLegacy.java:131) ~[mixin-0.8.5.jar:0.8.5+Jenkins-b310.git-155314e6e91465dad727e621a569906a410cd6f4]
	at cpw.mods.modlauncher.serviceapi.ILaunchPluginService.processClassWithFlags(ILaunchPluginService.java:156) ~[modlauncher-10.0.9.jar:10.0.9+10.0.9+main.dcd20f30]
	at cpw.mods.modlauncher.LaunchPluginHandler.offerClassNodeToPlugins(LaunchPluginHandler.java:88) ~[modlauncher-10.0.9.jar:?]
	at cpw.mods.modlauncher.ClassTransformer.transform(ClassTransformer.java:120) ~[modlauncher-10.0.9.jar:?]
	at cpw.mods.modlauncher.TransformingClassLoader.maybeTransformClassBytes(TransformingClassLoader.java:50) ~[modlauncher-10.0.9.jar:?]
	at cpw.mods.cl.ModuleClassLoader.readerToClass(ModuleClassLoader.java:113) ~[securejarhandler-2.1.10.jar:?]
	at cpw.mods.cl.ModuleClassLoader.lambda$findClass$15(ModuleClassLoader.java:219) ~[securejarhandler-2.1.10.jar:?]
	at cpw.mods.cl.ModuleClassLoader.loadFromModule(ModuleClassLoader.java:229) ~[securejarhandler-2.1.10.jar:?]
	at cpw.mods.cl.ModuleClassLoader.findClass(ModuleClassLoader.java:219) ~[securejarhandler-2.1.10.jar:?]
	at cpw.mods.cl.ModuleClassLoader.loadClass(ModuleClassLoader.java:135) ~[securejarhandler-2.1.10.jar:?]
	at java.lang.ClassLoader.loadClass(ClassLoader.java:526) ~[?:?]
	at net.minecraft.core.cauldron.CauldronInteraction.m_175645_(CauldronInteraction.java:39) ~[client-1.20.1-20230612.114412-srg.jar%23494!/:?]
	at net.minecraft.Util.m_137469_(Util.java:359) ~[client-1.20.1-20230612.114412-srg.jar%23494!/:?]
	at net.minecraft.core.cauldron.CauldronInteraction.m_175617_(CauldronInteraction.java:39) ~[client-1.20.1-20230612.114412-srg.jar%23494!/:?]
	at net.minecraft.core.cauldron.CauldronInteraction.<clinit>(CauldronInteraction.java:33) ~[client-1.20.1-20230612.114412-srg.jar%23494!/:?]
	at net.minecraft.world.level.block.CauldronBlock.<init>(CauldronBlock.java:17) ~[client-1.20.1-20230612.114412-srg.jar%23494!/:?]
	at net.minecraft.world.level.block.Blocks.<clinit>(Blocks.java:416) ~[client-1.20.1-20230612.114412-srg.jar%23494!/:?]
	at net.minecraft.world.level.block.FireBlock.m_53484_(FireBlock.java:301) ~[client-1.20.1-20230612.114412-srg.jar%23494!/:?]
	at net.minecraft.server.Bootstrap.m_135870_(Bootstrap.java:46) ~[client-1.20.1-20230612.114412-srg.jar%23494!/:?]
	at net.minecraft.client.main.Main.lambda$main$0(Main.java:151) ~[client-1.20.1-20230612.114412-srg.jar%23494!/:?]
	at java.util.concurrent.Executors$RunnableAdapter.call(Executors.java:572) ~[?:?]
	at java.util.concurrent.FutureTask.run(FutureTask.java:317) ~[?:?]
	at java.util.concurrent.ThreadPoolExecutor.runWorker(ThreadPoolExecutor.java:1144) ~[?:?]
	at java.util.concurrent.ThreadPoolExecutor$Worker.run(ThreadPoolExecutor.java:642) ~[?:?]
	at java.lang.Thread.run(Thread.java:1583) ~[?:?]
